ModuleCmd_Load.c(213):ERROR:105: Unable to locate a modulefile for 'cuda/11.7'
WARNING:tensorflow:From /mnt/beegfs/home/kteich/OpenEA/src/openea/approaches/gcn_align.py:716: The name tf.sparse_placeholder is deprecated. Please use tf.compat.v1.sparse_placeholder instead.

WARNING:tensorflow:From /mnt/beegfs/home/kteich/OpenEA/src/openea/approaches/gcn_align.py:718: The name tf.placeholder_with_default is deprecated. Please use tf.compat.v1.placeholder_with_default instead.

WARNING:tensorflow:From /mnt/beegfs/home/kteich/OpenEA/src/openea/approaches/gcn_align.py:723: The name tf.placeholder is deprecated. Please use tf.compat.v1.placeholder instead.

WARNING:tensorflow:From /mnt/beegfs/home/kteich/OpenEA/src/openea/approaches/gcn_align.py:511: The name tf.train.GradientDescentOptimizer is deprecated. Please use tf.compat.v1.train.GradientDescentOptimizer instead.

WARNING:tensorflow:From /mnt/beegfs/home/kteich/OpenEA/src/openea/approaches/gcn_align.py:356: The name tf.variable_scope is deprecated. Please use tf.compat.v1.variable_scope instead.

WARNING:tensorflow:From /mnt/beegfs/home/kteich/OpenEA/src/openea/approaches/gcn_align.py:53: The name tf.truncated_normal is deprecated. Please use tf.random.truncated_normal instead.

WARNING:tensorflow:From /mnt/beegfs/home/kteich/OpenEA/src/openea/approaches/gcn_align.py:83: The name tf.sparse_tensor_dense_matmul is deprecated. Please use tf.sparse.sparse_dense_matmul instead.

WARNING:tensorflow:From /mnt/beegfs/home/kteich/OpenEA/src/openea/approaches/gcn_align.py:367: The name tf.get_collection is deprecated. Please use tf.compat.v1.get_collection instead.

WARNING:tensorflow:From /mnt/beegfs/home/kteich/OpenEA/src/openea/approaches/gcn_align.py:367: The name tf.GraphKeys is deprecated. Please use tf.compat.v1.GraphKeys instead.

WARNING:tensorflow:From /mnt/beegfs/home/kteich/OpenEA/src/openea/approaches/gcn_align.py:293: The name tf.get_default_graph is deprecated. Please use tf.compat.v1.get_default_graph instead.

/mnt/beegfs/home/kteich/miniconda3/envs/openea_py37/lib/python3.7/site-packages/tensorflow_core/python/framework/indexed_slices.py:424: UserWarning: Converting sparse IndexedSlices to a dense Tensor of unknown shape. This may consume a large amount of memory.
  "Converting sparse IndexedSlices to a dense Tensor of unknown shape. "
WARNING:tensorflow:From /mnt/beegfs/home/kteich/miniconda3/envs/openea_py37/lib/python3.7/site-packages/tensorflow_core/python/ops/math_grad.py:1424: where (from tensorflow.python.ops.array_ops) is deprecated and will be removed in a future version.
Instructions for updating:
Use tf.where in 2.0, which has the same broadcast rule as np.where
/mnt/beegfs/home/kteich/miniconda3/envs/openea_py37/lib/python3.7/site-packages/tensorflow_core/python/framework/indexed_slices.py:424: UserWarning: Converting sparse IndexedSlices to a dense Tensor of unknown shape. This may consume a large amount of memory.
  "Converting sparse IndexedSlices to a dense Tensor of unknown shape. "
WARNING:tensorflow:From /mnt/beegfs/home/kteich/OpenEA/src/openea/modules/utils/util.py:7: The name tf.ConfigProto is deprecated. Please use tf.compat.v1.ConfigProto instead.

WARNING:tensorflow:From /mnt/beegfs/home/kteich/OpenEA/src/openea/modules/utils/util.py:9: The name tf.Session is deprecated. Please use tf.compat.v1.Session instead.

2025-10-11 11:08:33.816030: I tensorflow/core/platform/cpu_feature_guard.cc:142] Your CPU supports instructions that this TensorFlow binary was not compiled to use: AVX2 FMA
2025-10-11 11:08:33.827104: I tensorflow/core/platform/profile_utils/cpu_utils.cc:94] CPU Frequency: 2100025000 Hz
2025-10-11 11:08:33.828522: I tensorflow/compiler/xla/service/service.cc:168] XLA service 0x48158c0 initialized for platform Host (this does not guarantee that XLA will be used). Devices:
2025-10-11 11:08:33.829173: I tensorflow/compiler/xla/service/service.cc:176]   StreamExecutor device (0): Host, Default Version
WARNING:tensorflow:From /mnt/beegfs/home/kteich/OpenEA/src/openea/approaches/gcn_align.py:735: The name tf.global_variables_initializer is deprecated. Please use tf.compat.v1.global_variables_initializer instead.

multiprocessing.pool.RemoteTraceback: 
"""
Traceback (most recent call last):
  File "/mnt/beegfs/home/kteich/miniconda3/envs/openea_py37/lib/python3.7/multiprocessing/pool.py", line 121, in worker
    result = (True, func(*args, **kwds))
  File "/mnt/beegfs/home/kteich/OpenEA/src/openea/modules/finding/alignment.py", line 157, in calculate_rank
    rank = np.argpartition(-sim_mat[i, :], np.array(top_k) - 1)
  File "<__array_function__ internals>", line 6, in argpartition
  File "/mnt/beegfs/home/kteich/miniconda3/envs/openea_py37/lib/python3.7/site-packages/numpy/core/fromnumeric.py", line 830, in argpartition
    return _wrapfunc(a, 'argpartition', kth, axis=axis, kind=kind, order=order)
  File "/mnt/beegfs/home/kteich/miniconda3/envs/openea_py37/lib/python3.7/site-packages/numpy/core/fromnumeric.py", line 61, in _wrapfunc
    return bound(*args, **kwds)
ValueError: kth(=49) out of bounds (25)
"""

The above exception was the direct cause of the following exception:

Traceback (most recent call last):
  File "run/main_from_args.py", line 95, in <module>
    model.run()
  File "/mnt/beegfs/home/kteich/OpenEA/src/openea/approaches/gcn_align.py", line 826, in run
    self.train_embeddings(self.struct_loss, self.struct_optimizer, self.model_se.outputs)
  File "/mnt/beegfs/home/kteich/OpenEA/src/openea/approaches/gcn_align.py", line 777, in train_embeddings
    flag = self.valid_(self.args.stop_metric)
  File "/mnt/beegfs/home/kteich/OpenEA/src/openea/approaches/gcn_align.py", line 819, in valid_
    metric=self.args.eval_metric)
  File "/mnt/beegfs/home/kteich/OpenEA/src/openea/modules/finding/evaluation.py", line 9, in valid
    metric, normalize, csls_k, accurate)
  File "/mnt/beegfs/home/kteich/OpenEA/src/openea/modules/finding/alignment.py", line 57, in greedy_alignment
    sub_mr, sub_mrr, sub_hits, sub_hits1_rest = rest.get()
  File "/mnt/beegfs/home/kteich/miniconda3/envs/openea_py37/lib/python3.7/multiprocessing/pool.py", line 657, in get
    raise self._value
ValueError: kth(=49) out of bounds (25)
Traceback (most recent call last):
  File "run/main_from_args_test.py", line 87, in <module>
    model.retest()
  File "/mnt/beegfs/home/kteich/OpenEA/src/openea/models/basic_model.py", line 145, in retest
    exist_file = os.listdir(new_dir)
FileNotFoundError: [Errno 2] No such file or directory: './output/results/GCN_Align/book_new/271_5fold/3/'
