ModuleCmd_Load.c(213):ERROR:105: Unable to locate a modulefile for 'cuda/11.7'
WARNING:tensorflow:From /mnt/beegfs/home/kteich/OpenEA/src/openea/approaches/mtranse.py:40: The name tf.variable_scope is deprecated. Please use tf.compat.v1.variable_scope instead.

/mnt/beegfs/home/kteich/miniconda3/envs/openea_py37/lib/python3.7/site-packages/sklearn/utils/validation.py:598: FutureWarning: np.matrix usage is deprecated in 1.0 and will raise a TypeError in 1.2. Please convert to a numpy array with np.asarray. For more information see: https://numpy.org/doc/stable/reference/generated/numpy.matrix.html
  FutureWarning,
/mnt/beegfs/home/kteich/miniconda3/envs/openea_py37/lib/python3.7/site-packages/sklearn/utils/validation.py:598: FutureWarning: np.matrix usage is deprecated in 1.0 and will raise a TypeError in 1.2. Please convert to a numpy array with np.asarray. For more information see: https://numpy.org/doc/stable/reference/generated/numpy.matrix.html
  FutureWarning,
WARNING:tensorflow:From /mnt/beegfs/home/kteich/OpenEA/src/openea/modules/base/initializers.py:55: The name tf.get_variable is deprecated. Please use tf.compat.v1.get_variable instead.

WARNING:tensorflow:From /mnt/beegfs/home/kteich/OpenEA/src/openea/approaches/mtranse.py:48: The name tf.placeholder is deprecated. Please use tf.compat.v1.placeholder instead.

WARNING:tensorflow:From /mnt/beegfs/home/kteich/OpenEA/src/openea/modules/base/optimizers.py:12: The name tf.train.AdagradOptimizer is deprecated. Please use tf.compat.v1.train.AdagradOptimizer instead.

WARNING:tensorflow:From /mnt/beegfs/home/kteich/miniconda3/envs/openea_py37/lib/python3.7/site-packages/tensorflow_core/python/ops/math_grad.py:1424: where (from tensorflow.python.ops.array_ops) is deprecated and will be removed in a future version.
Instructions for updating:
Use tf.where in 2.0, which has the same broadcast rule as np.where
WARNING:tensorflow:From /mnt/beegfs/home/kteich/miniconda3/envs/openea_py37/lib/python3.7/site-packages/tensorflow_core/python/training/adagrad.py:76: calling Constant.__init__ (from tensorflow.python.ops.init_ops) with dtype is deprecated and will be removed in a future version.
Instructions for updating:
Call initializer instance with the dtype argument instead of passing it to the constructor
WARNING:tensorflow:From /mnt/beegfs/home/kteich/OpenEA/src/openea/modules/utils/util.py:7: The name tf.ConfigProto is deprecated. Please use tf.compat.v1.ConfigProto instead.

WARNING:tensorflow:From /mnt/beegfs/home/kteich/OpenEA/src/openea/modules/utils/util.py:9: The name tf.Session is deprecated. Please use tf.compat.v1.Session instead.

2025-10-11 11:10:01.212862: I tensorflow/core/platform/cpu_feature_guard.cc:142] Your CPU supports instructions that this TensorFlow binary was not compiled to use: AVX2 FMA
2025-10-11 11:10:01.223712: I tensorflow/core/platform/profile_utils/cpu_utils.cc:94] CPU Frequency: 2100025000 Hz
2025-10-11 11:10:01.224719: I tensorflow/compiler/xla/service/service.cc:168] XLA service 0x62fe050 initialized for platform Host (this does not guarantee that XLA will be used). Devices:
2025-10-11 11:10:01.225180: I tensorflow/compiler/xla/service/service.cc:176]   StreamExecutor device (0): Host, Default Version
WARNING:tensorflow:From /mnt/beegfs/home/kteich/OpenEA/src/openea/approaches/mtranse.py:28: The name tf.global_variables_initializer is deprecated. Please use tf.compat.v1.global_variables_initializer instead.

multiprocessing.pool.RemoteTraceback: 
"""
Traceback (most recent call last):
  File "/mnt/beegfs/home/kteich/miniconda3/envs/openea_py37/lib/python3.7/multiprocessing/pool.py", line 121, in worker
    result = (True, func(*args, **kwds))
  File "/mnt/beegfs/home/kteich/OpenEA/src/openea/modules/finding/alignment.py", line 157, in calculate_rank
    rank = np.argpartition(-sim_mat[i, :], np.array(top_k) - 1)
  File "<__array_function__ internals>", line 6, in argpartition
  File "/mnt/beegfs/home/kteich/miniconda3/envs/openea_py37/lib/python3.7/site-packages/numpy/core/fromnumeric.py", line 830, in argpartition
    return _wrapfunc(a, 'argpartition', kth, axis=axis, kind=kind, order=order)
  File "/mnt/beegfs/home/kteich/miniconda3/envs/openea_py37/lib/python3.7/site-packages/numpy/core/fromnumeric.py", line 61, in _wrapfunc
    return bound(*args, **kwds)
ValueError: kth(=49) out of bounds (25)
"""

The above exception was the direct cause of the following exception:

Traceback (most recent call last):
  File "run/main_from_args.py", line 95, in <module>
    model.run()
  File "/mnt/beegfs/home/kteich/OpenEA/src/openea/approaches/mtranse.py", line 108, in run
    flag = self.valid(self.args.stop_metric)
  File "/mnt/beegfs/home/kteich/OpenEA/src/openea/models/basic_model.py", line 127, in valid
    normalize=self.args.eval_norm, csls_k=0, accurate=False)
  File "/mnt/beegfs/home/kteich/OpenEA/src/openea/modules/finding/evaluation.py", line 13, in valid
    metric, normalize, csls_k, accurate)
  File "/mnt/beegfs/home/kteich/OpenEA/src/openea/modules/finding/alignment.py", line 57, in greedy_alignment
    sub_mr, sub_mrr, sub_hits, sub_hits1_rest = rest.get()
  File "/mnt/beegfs/home/kteich/miniconda3/envs/openea_py37/lib/python3.7/multiprocessing/pool.py", line 657, in get
    raise self._value
ValueError: kth(=49) out of bounds (25)
Traceback (most recent call last):
  File "run/main_from_args_test.py", line 87, in <module>
    model.retest()
  File "/mnt/beegfs/home/kteich/OpenEA/src/openea/models/basic_model.py", line 145, in retest
    exist_file = os.listdir(new_dir)
FileNotFoundError: [Errno 2] No such file or directory: './output/results/MTransE/book_new/271_5fold/1/'
